<?xml version="1.0" encoding="UTF-8"?>
<!-- Generated by org.testng.reporters.JUnitReportReporter -->
<testsuite hostname="TYSS-Madhumitha" failures="0" tests="1" name="practice.CalculatorTest" time="14.453" errors="0" timestamp="2024-06-21T18:45:10 IST" skipped="0">
  <testcase classname="practice.CalculatorTest" name="calculator" time="14.453"/>
</testsuite> <!-- practice.CalculatorTest -->
