<?xml version="1.0" encoding="UTF-8"?>
<!-- Generated by org.testng.reporters.JUnitReportReporter -->
<testsuite hostname="TYSS-Madhumitha" failures="0" tests="1" name="drivers.Context" time="25.956" errors="0" timestamp="2024-06-25T16:24:21 IST" skipped="0">
  <testcase classname="drivers.Context" name="switchContext" time="25.956"/>
</testsuite> <!-- drivers.Context -->
