<?xml version="1.0" encoding="UTF-8"?>
<!-- Generated by org.testng.reporters.JUnitReportReporter -->
<testsuite hostname="TYSS-Madhumitha" failures="0" tests="1" name="gestures.ClickTest" time="11.054" errors="0" timestamp="2024-06-26T13:25:47 IST" skipped="0">
  <testcase classname="gestures.ClickTest" name="click" time="11.054"/>
</testsuite> <!-- gestures.ClickTest -->
