<?xml version="1.0" encoding="UTF-8"?>
<!-- Generated by org.testng.reporters.JUnitReportReporter -->
<testsuite hostname="TYSS-Madhumitha" failures="0" tests="1" name="gestures.DragTest" time="16.742" errors="0" timestamp="2024-06-24T12:51:06 IST" skipped="0">
  <testcase classname="gestures.DragTest" name="drag" time="16.742"/>
</testsuite> <!-- gestures.DragTest -->
