<?xml version="1.0" encoding="UTF-8"?>
<!-- Generated by org.testng.reporters.JUnitReportReporter -->
<testsuite hostname="TYSS-Madhumitha" failures="0" tests="1" name="drivers.OptionsTest" time="12.164" errors="0" timestamp="2024-06-26T12:40:08 IST" skipped="0">
  <testcase classname="drivers.OptionsTest" name="optionsClass" time="12.164"/>
</testsuite> <!-- drivers.OptionsTest -->
