<?xml version="1.0" encoding="UTF-8"?>
<!-- Generated by org.testng.reporters.JUnitReportReporter -->
<testsuite hostname="TYSS-Madhumitha" failures="0" tests="1" name="gestures.DoubleClickTest" time="10.969" errors="0" timestamp="2024-06-24T14:54:49 IST" skipped="0">
  <testcase classname="gestures.DoubleClickTest" name="click" time="10.969"/>
</testsuite> <!-- gestures.DoubleClickTest -->
