<?xml version="1.0" encoding="UTF-8"?>
<!-- Generated by org.testng.reporters.JUnitReportReporter -->
<testsuite hostname="TYSS-Madhumitha" failures="0" tests="1" name="gestures.ScrollTest" time="15.710" errors="0" timestamp="2024-06-24T16:05:07 IST" skipped="0">
  <testcase classname="gestures.ScrollTest" name="drag" time="15.710"/>
</testsuite> <!-- gestures.ScrollTest -->
