<?xml version="1.0" encoding="UTF-8"?>
<!-- Generated by org.testng.reporters.JUnitReportReporter -->
<testsuite hostname="TYSS-Madhumitha" failures="0" tests="2" name="testScripts.LoginTest" time="48.258" errors="0" timestamp="2024-06-27T18:23:58 IST" skipped="0">
  <testcase classname="testScripts.LoginTest" name="tc1" time="40.191"/>
  <testcase classname="testScripts.LoginTest" name="tc2" time="8.067"/>
</testsuite> <!-- testScripts.LoginTest -->
