<?xml version="1.0" encoding="UTF-8"?>
<!-- Generated by org.testng.reporters.JUnitReportReporter -->
<testsuite hostname="TYSS-Madhumitha" failures="0" tests="1" name="gestures.LongClickTest" time="23.095" errors="0" timestamp="2024-06-24T11:27:29 IST" skipped="0">
  <testcase classname="gestures.LongClickTest" name="longClick" time="23.095"/>
</testsuite> <!-- gestures.LongClickTest -->
