<?xml version="1.0" encoding="UTF-8"?>
<!-- Generated by org.testng.reporters.JUnitReportReporter -->
<testsuite hostname="TYSS-Madhumitha" failures="0" tests="1" name="browserStack.MobileAppTest" time="40.336" errors="0" timestamp="2024-06-28T16:17:14 IST" skipped="0">
  <testcase classname="browserStack.MobileAppTest" name="mobileApp" time="40.336"/>
</testsuite> <!-- browserStack.MobileAppTest -->
