<?xml version="1.0" encoding="UTF-8"?>
<!-- Generated by org.testng.reporters.JUnitReportReporter -->
<testsuite hostname="TYSS-Madhumitha" failures="0" tests="1" name="drivers.DriverTest" time="8.861" errors="0" timestamp="2024-06-28T11:13:03 IST" skipped="0">
  <testcase classname="drivers.DriverTest" name="drivers" time="8.861"/>
</testsuite> <!-- drivers.DriverTest -->
