<?xml version="1.0" encoding="UTF-8"?>
<!-- Generated by org.testng.reporters.JUnitReportReporter -->
<testsuite hostname="TYSS-Madhumitha" failures="0" tests="1" name="drivers.ToastTest" time="11.315" errors="0" timestamp="2024-06-26T15:05:53 IST" skipped="0">
  <testcase classname="drivers.ToastTest" name="toast" time="11.315"/>
</testsuite> <!-- drivers.ToastTest -->
