<?xml version="1.0" encoding="UTF-8"?>
<!-- Generated by org.testng.reporters.JUnitReportReporter -->
<testsuite hostname="TYSS-Madhumitha" failures="0" tests="1" name="drivers.WebAppTest" time="17.197" errors="0" timestamp="2024-06-26T11:00:31 IST" skipped="0">
  <testcase classname="drivers.WebAppTest" name="webApp" time="17.197"/>
</testsuite> <!-- drivers.WebAppTest -->
