<?xml version="1.0" encoding="UTF-8"?>
<!-- Generated by org.testng.reporters.JUnitReportReporter -->
<testsuite hostname="TYSS-Madhumitha" failures="0" tests="1" name="gestures.ZoomTest" time="17.495" errors="0" timestamp="2024-06-24T14:52:20 IST" skipped="0">
  <testcase classname="gestures.ZoomTest" name="click" time="17.495"/>
</testsuite> <!-- gestures.ZoomTest -->
