<?xml version="1.0" encoding="UTF-8"?>
<!-- Generated by org.testng.reporters.JUnitReportReporter -->
<testsuite hostname="TYSS-Madhumitha" failures="0" tests="1" name="gestures.SwipeTest" time="9.080" errors="0" timestamp="2024-06-24T15:37:23 IST" skipped="0">
  <testcase classname="gestures.SwipeTest" name="click" time="9.080"/>
</testsuite> <!-- gestures.SwipeTest -->
